#! /usr/bin/vvp
:ivl_version "12.0 (stable)";
:ivl_delay_selection "TYPICAL";
:vpi_time_precision - 9;
:vpi_module "/usr/lib/x86_64-linux-gnu/ivl/system.vpi";
:vpi_module "/usr/lib/x86_64-linux-gnu/ivl/vhdl_sys.vpi";
:vpi_module "/usr/lib/x86_64-linux-gnu/ivl/vhdl_textio.vpi";
:vpi_module "/usr/lib/x86_64-linux-gnu/ivl/v2005_math.vpi";
:vpi_module "/usr/lib/x86_64-linux-gnu/ivl/va_math.vpi";
S_0x5d8c564cd490 .scope module, "Multiplier_4X4" "Multiplier_4X4" 2 4;
 .timescale -9 -9;
    .port_info 0 /INPUT 4 "Multiplicant";
    .port_info 1 /INPUT 1 "Shift";
    .port_info 2 /INPUT 1 "Negation";
    .port_info 3 /INPUT 1 "Zero";
    .port_info 4 /OUTPUT 5 "Result";
o0x75e7658cb018 .functor BUFZ 4, C4<zzzz>; HiZ drive
v0x5d8c564cd650_0 .net "Multiplicant", 3 0, o0x75e7658cb018;  0 drivers
o0x75e7658cb048 .functor BUFZ 1, C4<z>; HiZ drive
v0x5d8c56517fc0_0 .net "Negation", 0 0, o0x75e7658cb048;  0 drivers
v0x5d8c56518080_0 .var "Result", 4 0;
o0x75e7658cb0a8 .functor BUFZ 1, C4<z>; HiZ drive
v0x5d8c56518170_0 .net "Shift", 0 0, o0x75e7658cb0a8;  0 drivers
o0x75e7658cb0d8 .functor BUFZ 1, C4<z>; HiZ drive
v0x5d8c56518230_0 .net "Zero", 0 0, o0x75e7658cb0d8;  0 drivers
v0x5d8c56518340_0 .net "sel", 1 0, L_0x5d8c565184c0;  1 drivers
E_0x5d8c564cdd80 .event anyedge, v0x5d8c56518230_0, v0x5d8c56517fc0_0, v0x5d8c56518170_0, v0x5d8c564cd650_0;
L_0x5d8c565184c0 .concat [ 1 1 0 0], o0x75e7658cb048, o0x75e7658cb0a8;
    .scope S_0x5d8c564cd490;
T_0 ;
    %wait E_0x5d8c564cdd80;
    %load/vec4 v0x5d8c56518230_0;
    %cmpi/e 1, 0, 1;
    %jmp/0xz  T_0.0, 4;
    %pushi/vec4 0, 0, 5;
    %store/vec4 v0x5d8c56518080_0, 0, 5;
    %jmp T_0.1;
T_0.0 ;
    %load/vec4 v0x5d8c56518340_0;
    %dup/vec4;
    %pushi/vec4 0, 0, 2;
    %cmp/u;
    %jmp/1 T_0.2, 6;
    %dup/vec4;
    %pushi/vec4 2, 0, 2;
    %cmp/u;
    %jmp/1 T_0.3, 6;
    %dup/vec4;
    %pushi/vec4 1, 0, 2;
    %cmp/u;
    %jmp/1 T_0.4, 6;
    %dup/vec4;
    %pushi/vec4 3, 0, 2;
    %cmp/u;
    %jmp/1 T_0.5, 6;
    %jmp T_0.6;
T_0.2 ;
    %load/vec4 v0x5d8c564cd650_0;
    %pad/u 5;
    %store/vec4 v0x5d8c56518080_0, 0, 5;
    %jmp T_0.6;
T_0.3 ;
    %load/vec4 v0x5d8c564cd650_0;
    %pad/u 5;
    %ix/load 4, 1, 0;
    %flag_set/imm 4, 0;
    %shiftl 4;
    %store/vec4 v0x5d8c56518080_0, 0, 5;
    %jmp T_0.6;
T_0.4 ;
    %load/vec4 v0x5d8c564cd650_0;
    %pad/u 5;
    %inv;
    %store/vec4 v0x5d8c56518080_0, 0, 5;
    %jmp T_0.6;
T_0.5 ;
    %load/vec4 v0x5d8c564cd650_0;
    %pad/u 5;
    %inv;
    %ix/load 4, 1, 0;
    %flag_set/imm 4, 0;
    %shiftl 4;
    %store/vec4 v0x5d8c56518080_0, 0, 5;
    %jmp T_0.6;
T_0.6 ;
    %pop/vec4 1;
T_0.1 ;
    %jmp T_0;
    .thread T_0, $push;
# The file index is used to find the file name in the following table.
:file_names 3;
    "N/A";
    "<interactive>";
    "Multiplier_4X4.v";
